

























Name:		python-trinity
Summary:	Trinity bindings for Python [Trinity]
Version:	3.16.3
Release:	3mgc30.opt

License:	GPLv2+
Group:		Applications/Utilities

Vendor:		Trinity Project
Packager:	Francois Andriot <francois.andriot@free.fr>
URL:		http://www.simonzone.com/software/pykdeextensions

Prefix:    /usr
BuildRoot: /var/tmp/python-trinity-3.16.3-3mgc30.opt-root-magic

Source0:	python-trinity-3.5.13.1.tar.gz


Patch1:		python-trinity-3.5.13-install_directories.patch

Patch3:		python-trinity-3.5.13-fix_mandrake_detection.patch

Patch4:		python-trinity-3.5.13.1-add_include_directory.patch

BuildRequires: trinity-tqtinterface-devel >= 3.5.13.1
BuildRequires: trinity-arts-devel >= 3.5.13.1
BuildRequires: trinity-tdelibs-devel >= 3.5.13.1
BuildRequires:	desktop-file-utils
BuildRequires:	gettext

BuildRequires:	python













BuildRequires:	sip-devel
BuildRequires:	PyQt-devel







%description
Python binding module that provides wide access to the Trinity API,
also known as PyKDE. Using this, you'll get (for example) classes
from kio, kjs, khtml and kprint.


%package devel
Summary:		Trinity bindings for Python - Development files and scripts [Trinity]
Group:			Development/Libraries
Requires:		python-trinity = 3.16.3-3mgc30.opt

%description devel
Development .sip files with definitions of PyKDE classes. They
are needed to build PyKDE, but also as building blocks of other
packages based on them.
The package also contains kdepyuic, a wrapper script around PyQt's
user interface compiler.


%package doc
Summary:		Documentation and examples for PyKDE [Trinity]
Group:			Development/Libraries

%description doc
General documentation and examples for PyKDE providing programming
tips and working code you can use to learn from.







%prep
%setup -q -n python-trinity-3.5.13.1
%patch1 -p1
%patch3 -p1
%patch4 -p1


# Hack to get TQT include files under /opt
/usr/bin/sed -i "configure.py" \
	-e "s|/usr/include/tqt|%{tde_prefix}/include/tqt|g"


%build
unset QTDIR; . /etc/profile.d/qt3.sh
export PATH="%{tde_prefix}/bin:${PATH}"
export LDFLAGS="-L%{tde_prefix}/lib64 -I%{tde_prefix}/include"

export LDFLAGS="${LDFLAGS} -lpython2.7"

export PYTHONPATH=/usr/lib64/python2.7/site-packages/trinity-sip:/usr/lib64/python2.7/site-packages/trinity-PyQt

/usr/bin/python configure.py \
	-k %{tde_prefix} \
	-L lib64 \
	-v /usr/share/sip/trinity


/usr/bin/make -j16


%package debuginfo 
Summary: Debug information for package python-trinity
Group: Development/Debug
AutoReqProv: 0
%description debuginfo
This package provides debug information for package python-trinity.
Debug information is useful when developing applications that use this
package or when debugging this package.
%files debuginfo -f debugfiles.list
%defattr(-,root,root)

%install

export PATH="%{tde_prefix}/bin:${PATH}"
/usr/bin/rm -rf /home/magic/rpmbuild/BUILDROOT/python-trinity-3.16.3-3mgc30.opt.x86_64
/usr/bin/make install DESTDIR=/home/magic/rpmbuild/BUILDROOT/python-trinity-3.16.3-3mgc30.opt.x86_64

# Install documentation
/usr/bin/mkdir -p /home/magic/rpmbuild/BUILDROOT/python-trinity-3.16.3-3mgc30.opt.x86_64%{tde_prefix}/share/doc/tde/HTML/en/
/usr/bin/cp -rf doc /home/magic/rpmbuild/BUILDROOT/python-trinity-3.16.3-3mgc30.opt.x86_64%{tde_prefix}/share/doc/tde/HTML/en/python-trinity/



%clean
/usr/bin/rm -rf /home/magic/rpmbuild/BUILDROOT/python-trinity-3.16.3-3mgc30.opt.x86_64



%files
%defattr(-,root,root,-)
%doc AUTHORS ChangeLog COPYING NEWS README
/usr/lib64/python2.7/site-packages/*.so
/usr/lib64/python2.7/site-packages/dcop*.py*
/usr/lib64/python2.7/site-packages/pykde*.py*

%files devel
%defattr(-,root,root,-)
%{tde_prefix}/bin/kdepyuic
/usr/share/sip/trinity/

%files doc
%defattr(-,root,root,-)
%{tde_prefix}/share/doc/tde/HTML/en/python-trinity/


%Changelog
* Tue Oct 02 2012 Francois Andriot <francois.andriot@free.fr> - 3.16.3-3
- Initial release for TDE 3.5.13.1
已加载插件：aliases, auto-update-debuginfo, changelog, fastestmirror, filter-data, fs-
          : snapshot, keys, list-data, local, merge-conf, post-transaction-
          : actions, priorities, protectbase, ps, puppetverify, refresh-
          : updatesd, remove-with-leaves, rpm-warm-cache, show-leaves, tmprepo,
          : tsflags, upgrade-helper, verify, versionlock
Loading mirror speeds from cached hostfile
错误：Cannot find a valid baseurl for repo: trinity-3.5.13/x86_64
Could not retrieve mirrorlist http://ppa.quickbuild.pearsoncomputing.net/trinity/trinity/rpm/f21/trinity-3.5.13-x86_64.list error was
14: HTTP Error 404 - Not Found : http://www.mirrorservice.org/sites/trinitydesktop.org/trinity/trinity/rpm/f21/trinity-3.5.13-x86_64.list
错误：构建依赖失败：
	trinity-tdelibs-devel >= 3.5.13.1 被 python-trinity-3.16.3-3mgc30.opt.x86_64 需要
