警告：%changelog （更新日志）中存在虚假的日期：Thu Mar 21 2006 KanKer <kanker@163.com>
Name:kdmtheme
Summary:kde theme manager
Summary(zh_CN.UTF-8): kdm 主题管理器
Version:1.1.2
Release:5mgc30
Group:Applications/System
Group(zh_CN.UTF-8): 应用程序/系统
License : GPL
Source0: kdmtheme-1.1.2.tar.bz2
Source1: kdmtheme-zh_CN.po
Patch1:	kdmtheme-tde.patch
BuildRoot:/var/tmp/kdmtheme-1.1.2-5mgc30-root

URL  :  http://apps.kde.org
Packager  : Tingxx <tingxx@21cn.com>

%description
 the kdm of kde 3.4 can use the theme,the kdmtheme can manage the themes of kdm.

%description -l zh_CN.UTF-8
kde 3.4以上可以kdm可以使用主题，kdmtheme可以管理kdm的主题。

%prep
 
%setup  -q -n kdmtheme-1.1.2 
%patch1 -p1
chmod 777 admin/*

%build  #开始构建包 
make -f admin/Makefile.common

  CFLAGS="${CFLAGS:--O2 -g -pipe -Wall -Wp,-D_FORTIFY_SOURCE=2 -fexceptions -fstack-protector --param=ssp-buffer-size=4 -grecord-gcc-switches  -m64 -mtune=generic}" ; export CFLAGS ; 
  CXXFLAGS="${CXXFLAGS:--O2 -g -pipe -Wall -Wp,-D_FORTIFY_SOURCE=2 -fexceptions -fstack-protector --param=ssp-buffer-size=4 -grecord-gcc-switches  -m64 -mtune=generic}" ; export CXXFLAGS ; 
  FFLAGS="${FFLAGS:--O2 -g -pipe -Wall -Wp,-D_FORTIFY_SOURCE=2 -fexceptions -fstack-protector --param=ssp-buffer-size=4 -grecord-gcc-switches  -m64 -mtune=generic -I/usr/lib64/gfortran/modules}" ; export FFLAGS ; 
  FCFLAGS="${FCFLAGS:--O2 -g -pipe -Wall -Wp,-D_FORTIFY_SOURCE=2 -fexceptions -fstack-protector --param=ssp-buffer-size=4 -grecord-gcc-switches  -m64 -mtune=generic -I/usr/lib64/gfortran/modules}" ; export FCFLAGS ; 
  LDFLAGS="${LDFLAGS:--Wl,-z,relro }"; export LDFLAGS; 
  for i in $(find . -name config.guess -o -name config.sub) ; do 
      [ -f /usr/lib/rpm/magic/$(basename $i) ] && /usr/bin/rm -f $i && /usr/bin/cp -fv /usr/lib/rpm/magic/$(basename $i) $i ; 
  done ; 
  ./configure --build=x86_64-magic-linux-gnu --host=x86_64-magic-linux-gnu \
	--program-prefix= \
	--disable-dependency-tracking \
	--prefix=/usr \
	--exec-prefix=/usr \
	--bindir=/usr/bin \
	--sbindir=/usr/sbin \
	--sysconfdir=/etc \
	--datadir=/usr/share \
	--includedir=/usr/include \
	--libdir=/usr/lib64 \
	--libexecdir=/usr/libexec \
	--localstatedir=/var \
	--sharedstatedir=/var/lib \
	--mandir=/usr/share/man \
	--infodir=/usr/share/info --disable-debug
make
msgfmt /home/magic/rpmbuild/SOURCES/kdmtheme-zh_CN.po -o kdmtheme-zh_CN.mo


%package debuginfo 
Summary: Debug information for package kdmtheme
Group: Development/Debug
AutoReqProv: 0
%description debuginfo
This package provides debug information for package kdmtheme.
Debug information is useful when developing applications that use this
package or when debugging this package.
%files debuginfo -f debugfiles.list
%defattr(-,root,root)

%install
  
rm -rf $RPM_BUILD_ROOT
make DESTDIR=$RPM_BUILD_ROOT install 
mkdir -p $RPM_BUILD_ROOT/usr/share/locale/zh_CN/LC_MESSAGES
install -m 644 kdmtheme-zh_CN.mo $RPM_BUILD_ROOT/usr/share/locale/zh_CN/LC_MESSAGES/kdmtheme.mo

magic_rpm_clean.sh
%clean
 rm -rf $RPM_BUILD_ROOT
 rm -rf $RPM_BUILD_DIR/kdmtheme-1.1.2 
 
%files  
%defattr  (-,root,root)
/usr
%exclude /usr/*/debug*

%changelog
* Mon Oct 09 2006 Liu Di <liudidi@gmail.com> - 1.1.2-1mgc
- update to 1.1.2

* Thu Mar 21 2006 KanKer <kanker@163.com>
- fix kdmtheme.desktop bug

* Sun Feb 5 2006 KanKer <kanker@163.com>
- update 1.0.1

* Fri Dec 30 2005 KanKer <kanker@163.com>
- update 0.9.2

* Fri Oct 28 2005 KanKer <kanker@163.com>
- update 0.9.1
 
* Wed Mar 30 2005 tingxx <tingxx@21cn.com> 
- init the spec file.
 
--2014-05-13 07:11:54--  http://apt.linuxfans.org/magic/3.0/sources/SOURCES.trinity/kdmtheme/kdmtheme-1.1.2.tar.bz2
正在解析主机 apt.linuxfans.org (apt.linuxfans.org)... 219.231.240.68
正在连接 apt.linuxfans.org (apt.linuxfans.org)|219.231.240.68|:80... 已连接。
已发出 HTTP 请求，正在等待回应... 404 Not Found
2014-05-13 07:11:54 错误 404：Not Found。

